<?xml version="1.0" encoding="UTF-8"?>
<!-- Generated by org.testng.reporters.JUnitReportReporter -->
<testsuite skipped="0" hostname="DESKTOP-JVPBFQO" name="com.sample.LoginPage" tests="5" failures="0" timestamp="11 Jul 2022 05:46:16 GMT" time="177.199" errors="0">
  <testcase name="login" time="44.289" classname="com.sample.LoginPage"/>
  <testcase name="login" time="55.293" classname="com.sample.LoginPage"/>
  <testcase name="login" time="28.212" classname="com.sample.LoginPage"/>
  <testcase name="login" time="24.972" classname="com.sample.LoginPage"/>
  <testcase name="login" time="24.433" classname="com.sample.LoginPage"/>
</testsuite> <!-- com.sample.LoginPage -->
